{"/home/pete/Code/weatherly-backend/app.js": {"path":"/home/pete/Code/weatherly-backend/app.js","statementMap":{"0":{"start":{"line":5,"column":16},"end":{"line":5,"column":34}},"1":{"start":{"line":6,"column":13},"end":{"line":6,"column":28}},"2":{"start":{"line":7,"column":26},"end":{"line":7,"column":51}},"3":{"start":{"line":9,"column":28},"end":{"line":9,"column":56}},"4":{"start":{"line":10,"column":19},"end":{"line":10,"column":43}},"5":{"start":{"line":11,"column":20},"end":{"line":11,"column":46}},"6":{"start":{"line":12,"column":19},"end":{"line":12,"column":44}},"7":{"start":{"line":14,"column":12},"end":{"line":14,"column":21}},"8":{"start":{"line":16,"column":0},"end":{"line":16,"column":16}},"9":{"start":{"line":18,"column":0},"end":{"line":18,"column":24}},"10":{"start":{"line":19,"column":0},"end":{"line":19,"column":25}},"11":{"start":{"line":21,"column":0},"end":{"line":21,"column":29}},"12":{"start":{"line":22,"column":0},"end":{"line":22,"column":32}},"13":{"start":{"line":23,"column":0},"end":{"line":23,"column":30}},"14":{"start":{"line":28,"column":0},"end":{"line":30,"column":3}},"15":{"start":{"line":29,"column":2},"end":{"line":29,"column":28}},"16":{"start":{"line":34,"column":0},"end":{"line":43,"column":3}},"17":{"start":{"line":36,"column":15},"end":{"line":36,"column":32}},"18":{"start":{"line":37,"column":16},"end":{"line":37,"column":27}},"19":{"start":{"line":40,"column":2},"end":{"line":42,"column":5}},"20":{"start":{"line":45,"column":0},"end":{"line":45,"column":21}}},"fnMap":{"0":{"name":"(anonymous_0)","decl":{"start":{"line":28,"column":8},"end":{"line":28,"column":9}},"loc":{"start":{"line":28,"column":28},"end":{"line":30,"column":1}},"line":28},"1":{"name":"(anonymous_1)","decl":{"start":{"line":34,"column":8},"end":{"line":34,"column":9}},"loc":{"start":{"line":34,"column":33},"end":{"line":43,"column":1}},"line":34}},"branchMap":{"0":{"loc":{"start":{"line":36,"column":15},"end":{"line":36,"column":32}},"type":"binary-expr","locations":[{"start":{"line":36,"column":15},"end":{"line":36,"column":25}},{"start":{"line":36,"column":29},"end":{"line":36,"column":32}}],"line":36}},"s":{"0":4,"1":4,"2":4,"3":4,"4":4,"5":4,"6":4,"7":4,"8":4,"9":4,"10":4,"11":4,"12":4,"13":4,"14":4,"15":2,"16":4,"17":14,"18":14,"19":14,"20":4},"f":{"0":2,"1":14},"b":{"0":[14,0]},"_coverageSchema":"1a1c01bbd47fc00a2c39e90264f33305004495a9","hash":"7c6ffb350410e264060582be0c9831b186a847fc"}
,"/home/pete/Code/weatherly-backend/config.js": {"path":"/home/pete/Code/weatherly-backend/config.js","statementMap":{"0":{"start":{"line":1,"column":19},"end":{"line":1,"column":57}},"1":{"start":{"line":5,"column":2},"end":{"line":7,"column":46}},"2":{"start":{"line":11,"column":27},"end":{"line":11,"column":67}},"3":{"start":{"line":13,"column":0},"end":{"line":17,"column":1}}},"fnMap":{"0":{"name":"getDatabaseUri","decl":{"start":{"line":4,"column":9},"end":{"line":4,"column":23}},"loc":{"start":{"line":4,"column":26},"end":{"line":8,"column":1}},"line":4}},"branchMap":{"0":{"loc":{"start":{"line":1,"column":19},"end":{"line":1,"column":57}},"type":"binary-expr","locations":[{"start":{"line":1,"column":19},"end":{"line":1,"column":41}},{"start":{"line":1,"column":45},"end":{"line":1,"column":57}}],"line":1},"1":{"loc":{"start":{"line":5,"column":9},"end":{"line":7,"column":45}},"type":"cond-expr","locations":[{"start":{"line":6,"column":6},"end":{"line":6,"column":22}},{"start":{"line":7,"column":6},"end":{"line":7,"column":45}}],"line":5},"2":{"loc":{"start":{"line":7,"column":6},"end":{"line":7,"column":45}},"type":"binary-expr","locations":[{"start":{"line":7,"column":6},"end":{"line":7,"column":30}},{"start":{"line":7,"column":34},"end":{"line":7,"column":45}}],"line":7},"3":{"loc":{"start":{"line":11,"column":27},"end":{"line":11,"column":67}},"type":"cond-expr","locations":[{"start":{"line":11,"column":61},"end":{"line":11,"column":62}},{"start":{"line":11,"column":65},"end":{"line":11,"column":67}}],"line":11}},"s":{"0":9,"1":7,"2":9,"3":9},"f":{"0":7},"b":{"0":[9,9],"1":[7,0],"2":[0,0],"3":[9,0]},"_coverageSchema":"1a1c01bbd47fc00a2c39e90264f33305004495a9","hash":"8c95bc864fe627e51a353f4a586aac195462407a"}
,"/home/pete/Code/weatherly-backend/db.js": {"path":"/home/pete/Code/weatherly-backend/db.js","statementMap":{"0":{"start":{"line":3,"column":19},"end":{"line":3,"column":32}},"1":{"start":{"line":4,"column":27},"end":{"line":4,"column":46}},"2":{"start":{"line":27,"column":0},"end":{"line":44,"column":1}},"3":{"start":{"line":28,"column":2},"end":{"line":36,"column":5}},"4":{"start":{"line":38,"column":2},"end":{"line":43,"column":5}},"5":{"start":{"line":47,"column":0},"end":{"line":47,"column":13}},"6":{"start":{"line":49,"column":0},"end":{"line":49,"column":20}}},"fnMap":{},"branchMap":{"0":{"loc":{"start":{"line":27,"column":0},"end":{"line":44,"column":1}},"type":"if","locations":[{"start":{"line":27,"column":0},"end":{"line":44,"column":1}},{"start":{"line":37,"column":7},"end":{"line":44,"column":1}}],"line":27}},"s":{"0":7,"1":7,"2":7,"3":0,"4":7,"5":7,"6":7},"f":{},"b":{"0":[0,7]},"_coverageSchema":"1a1c01bbd47fc00a2c39e90264f33305004495a9","hash":"f472bd28eeb86b72c8306caac526970a149d218c"}
,"/home/pete/Code/weatherly-backend/expressError.js": {"path":"/home/pete/Code/weatherly-backend/expressError.js","statementMap":{"0":{"start":{"line":10,"column":4},"end":{"line":10,"column":12}},"1":{"start":{"line":11,"column":4},"end":{"line":11,"column":27}},"2":{"start":{"line":12,"column":4},"end":{"line":12,"column":25}},"3":{"start":{"line":20,"column":4},"end":{"line":20,"column":24}},"4":{"start":{"line":28,"column":4},"end":{"line":28,"column":24}},"5":{"start":{"line":36,"column":4},"end":{"line":36,"column":24}},"6":{"start":{"line":44,"column":4},"end":{"line":44,"column":24}},"7":{"start":{"line":48,"column":0},"end":{"line":54,"column":2}}},"fnMap":{"0":{"name":"(anonymous_0)","decl":{"start":{"line":9,"column":2},"end":{"line":9,"column":3}},"loc":{"start":{"line":9,"column":31},"end":{"line":13,"column":3}},"line":9},"1":{"name":"(anonymous_1)","decl":{"start":{"line":19,"column":2},"end":{"line":19,"column":3}},"loc":{"start":{"line":19,"column":37},"end":{"line":21,"column":3}},"line":19},"2":{"name":"(anonymous_2)","decl":{"start":{"line":27,"column":2},"end":{"line":27,"column":3}},"loc":{"start":{"line":27,"column":40},"end":{"line":29,"column":3}},"line":27},"3":{"name":"(anonymous_3)","decl":{"start":{"line":35,"column":2},"end":{"line":35,"column":3}},"loc":{"start":{"line":35,"column":39},"end":{"line":37,"column":3}},"line":35},"4":{"name":"(anonymous_4)","decl":{"start":{"line":43,"column":2},"end":{"line":43,"column":3}},"loc":{"start":{"line":43,"column":39},"end":{"line":45,"column":3}},"line":43}},"branchMap":{"0":{"loc":{"start":{"line":19,"column":14},"end":{"line":19,"column":35}},"type":"default-arg","locations":[{"start":{"line":19,"column":24},"end":{"line":19,"column":35}}],"line":19},"1":{"loc":{"start":{"line":27,"column":14},"end":{"line":27,"column":38}},"type":"default-arg","locations":[{"start":{"line":27,"column":24},"end":{"line":27,"column":38}}],"line":27},"2":{"loc":{"start":{"line":35,"column":14},"end":{"line":35,"column":37}},"type":"default-arg","locations":[{"start":{"line":35,"column":24},"end":{"line":35,"column":37}}],"line":35},"3":{"loc":{"start":{"line":43,"column":14},"end":{"line":43,"column":37}},"type":"default-arg","locations":[{"start":{"line":43,"column":24},"end":{"line":43,"column":37}}],"line":43}},"s":{"0":24,"1":24,"2":24,"3":4,"4":12,"5":8,"6":0,"7":9},"f":{"0":24,"1":4,"2":12,"3":8,"4":0},"b":{"0":[2],"1":[8],"2":[0],"3":[0]},"_coverageSchema":"1a1c01bbd47fc00a2c39e90264f33305004495a9","hash":"d724dc6a854b5d6230e4e5fdd0c86d05231639d1"}
,"/home/pete/Code/weatherly-backend/helpers/sql.js": {"path":"/home/pete/Code/weatherly-backend/helpers/sql.js","statementMap":{"0":{"start":{"line":1,"column":28},"end":{"line":1,"column":54}},"1":{"start":{"line":18,"column":15},"end":{"line":18,"column":40}},"2":{"start":{"line":21,"column":2},"end":{"line":21,"column":62}},"3":{"start":{"line":21,"column":25},"end":{"line":21,"column":62}},"4":{"start":{"line":24,"column":15},"end":{"line":26,"column":3}},"5":{"start":{"line":25,"column":4},"end":{"line":25,"column":50}},"6":{"start":{"line":28,"column":2},"end":{"line":31,"column":3}},"7":{"start":{"line":34,"column":0},"end":{"line":34,"column":37}}},"fnMap":{"0":{"name":"sqlForPartialUpdate","decl":{"start":{"line":17,"column":9},"end":{"line":17,"column":28}},"loc":{"start":{"line":17,"column":52},"end":{"line":32,"column":1}},"line":17},"1":{"name":"(anonymous_1)","decl":{"start":{"line":24,"column":24},"end":{"line":24,"column":25}},"loc":{"start":{"line":25,"column":4},"end":{"line":25,"column":50}},"line":25}},"branchMap":{"0":{"loc":{"start":{"line":21,"column":2},"end":{"line":21,"column":62}},"type":"if","locations":[{"start":{"line":21,"column":2},"end":{"line":21,"column":62}},{"start":{},"end":{}}],"line":21},"1":{"loc":{"start":{"line":25,"column":8},"end":{"line":25,"column":35}},"type":"binary-expr","locations":[{"start":{"line":25,"column":8},"end":{"line":25,"column":24}},{"start":{"line":25,"column":28},"end":{"line":25,"column":35}}],"line":25}},"s":{"0":6,"1":8,"2":8,"3":2,"4":6,"5":27,"6":6,"7":6},"f":{"0":8,"1":27},"b":{"0":[2,6],"1":[27,15]},"_coverageSchema":"1a1c01bbd47fc00a2c39e90264f33305004495a9","hash":"323522c8afd443d56ed0943c2760e1cd1dd5adca"}
,"/home/pete/Code/weatherly-backend/helpers/tokens.js": {"path":"/home/pete/Code/weatherly-backend/helpers/tokens.js","statementMap":{"0":{"start":{"line":1,"column":12},"end":{"line":1,"column":35}},"1":{"start":{"line":2,"column":23},"end":{"line":2,"column":43}},"2":{"start":{"line":8,"column":16},"end":{"line":10,"column":3}},"3":{"start":{"line":12,"column":2},"end":{"line":12,"column":39}},"4":{"start":{"line":15,"column":0},"end":{"line":15,"column":33}}},"fnMap":{"0":{"name":"createToken","decl":{"start":{"line":6,"column":9},"end":{"line":6,"column":20}},"loc":{"start":{"line":6,"column":27},"end":{"line":13,"column":1}},"line":6}},"branchMap":{},"s":{"0":5,"1":5,"2":9,"3":9,"4":5},"f":{"0":9},"b":{},"_coverageSchema":"1a1c01bbd47fc00a2c39e90264f33305004495a9","hash":"1ab70b9e1544afc0a562d8a7e9a0d84b03d0f306"}
,"/home/pete/Code/weatherly-backend/middleware/auth.js": {"path":"/home/pete/Code/weatherly-backend/middleware/auth.js","statementMap":{"0":{"start":{"line":5,"column":12},"end":{"line":5,"column":35}},"1":{"start":{"line":6,"column":23},"end":{"line":6,"column":43}},"2":{"start":{"line":7,"column":30},"end":{"line":7,"column":56}},"3":{"start":{"line":17,"column":2},"end":{"line":26,"column":3}},"4":{"start":{"line":18,"column":23},"end":{"line":18,"column":63}},"5":{"start":{"line":19,"column":4},"end":{"line":22,"column":5}},"6":{"start":{"line":20,"column":20},"end":{"line":20,"column":64}},"7":{"start":{"line":21,"column":6},"end":{"line":21,"column":54}},"8":{"start":{"line":23,"column":4},"end":{"line":23,"column":11}},"9":{"start":{"line":25,"column":4},"end":{"line":25,"column":11}},"10":{"start":{"line":35,"column":2},"end":{"line":40,"column":3}},"11":{"start":{"line":36,"column":4},"end":{"line":36,"column":56}},"12":{"start":{"line":36,"column":26},"end":{"line":36,"column":56}},"13":{"start":{"line":37,"column":4},"end":{"line":37,"column":10}},"14":{"start":{"line":39,"column":4},"end":{"line":39,"column":14}},"15":{"start":{"line":51,"column":2},"end":{"line":59,"column":3}},"16":{"start":{"line":52,"column":17},"end":{"line":52,"column":32}},"17":{"start":{"line":53,"column":4},"end":{"line":55,"column":5}},"18":{"start":{"line":54,"column":6},"end":{"line":54,"column":36}},"19":{"start":{"line":56,"column":4},"end":{"line":56,"column":11}},"20":{"start":{"line":58,"column":4},"end":{"line":58,"column":14}},"21":{"start":{"line":62,"column":0},"end":{"line":66,"column":1}}},"fnMap":{"0":{"name":"authenticateJWT","decl":{"start":{"line":16,"column":9},"end":{"line":16,"column":24}},"loc":{"start":{"line":16,"column":41},"end":{"line":27,"column":1}},"line":16},"1":{"name":"ensureLoggedIn","decl":{"start":{"line":34,"column":9},"end":{"line":34,"column":23}},"loc":{"start":{"line":34,"column":40},"end":{"line":41,"column":1}},"line":34},"2":{"name":"ensureCorrectUser","decl":{"start":{"line":50,"column":9},"end":{"line":50,"column":26}},"loc":{"start":{"line":50,"column":43},"end":{"line":60,"column":1}},"line":50}},"branchMap":{"0":{"loc":{"start":{"line":18,"column":23},"end":{"line":18,"column":63}},"type":"binary-expr","locations":[{"start":{"line":18,"column":23},"end":{"line":18,"column":34}},{"start":{"line":18,"column":38},"end":{"line":18,"column":63}}],"line":18},"1":{"loc":{"start":{"line":19,"column":4},"end":{"line":22,"column":5}},"type":"if","locations":[{"start":{"line":19,"column":4},"end":{"line":22,"column":5}},{"start":{},"end":{}}],"line":19},"2":{"loc":{"start":{"line":36,"column":4},"end":{"line":36,"column":56}},"type":"if","locations":[{"start":{"line":36,"column":4},"end":{"line":36,"column":56}},{"start":{},"end":{}}],"line":36},"3":{"loc":{"start":{"line":53,"column":4},"end":{"line":55,"column":5}},"type":"if","locations":[{"start":{"line":53,"column":4},"end":{"line":55,"column":5}},{"start":{},"end":{}}],"line":53},"4":{"loc":{"start":{"line":53,"column":10},"end":{"line":53,"column":57}},"type":"binary-expr","locations":[{"start":{"line":53,"column":10},"end":{"line":53,"column":14}},{"start":{"line":53,"column":19},"end":{"line":53,"column":56}}],"line":53}},"s":{"0":5,"1":5,"2":5,"3":29,"4":29,"5":29,"6":15,"7":15,"8":28,"9":1,"10":2,"11":2,"12":1,"13":1,"14":1,"15":16,"16":16,"17":16,"18":7,"19":9,"20":7,"21":5},"f":{"0":29,"1":2,"2":16},"b":{"0":[29,28],"1":[15,14],"2":[1,1],"3":[7,9],"4":[16,15]},"_coverageSchema":"1a1c01bbd47fc00a2c39e90264f33305004495a9","hash":"04338d78e6625c8a08246d6a942a97f09ced1187"}
,"/home/pete/Code/weatherly-backend/models/_testCommon.js": {"path":"/home/pete/Code/weatherly-backend/models/_testCommon.js","statementMap":{"0":{"start":{"line":1,"column":15},"end":{"line":1,"column":32}},"1":{"start":{"line":3,"column":11},"end":{"line":3,"column":30}},"2":{"start":{"line":4,"column":31},"end":{"line":4,"column":51}},"3":{"start":{"line":7,"column":2},"end":{"line":7,"column":39}},"4":{"start":{"line":8,"column":2},"end":{"line":8,"column":38}},"5":{"start":{"line":10,"column":2},"end":{"line":14,"column":52}},"6":{"start":{"line":16,"column":2},"end":{"line":32,"column":7}},"7":{"start":{"line":36,"column":2},"end":{"line":36,"column":26}},"8":{"start":{"line":40,"column":2},"end":{"line":40,"column":29}},"9":{"start":{"line":44,"column":2},"end":{"line":44,"column":17}},"10":{"start":{"line":47,"column":0},"end":{"line":52,"column":1}}},"fnMap":{"0":{"name":"commonBeforeAll","decl":{"start":{"line":6,"column":15},"end":{"line":6,"column":30}},"loc":{"start":{"line":6,"column":33},"end":{"line":33,"column":1}},"line":6},"1":{"name":"commonBeforeEach","decl":{"start":{"line":35,"column":15},"end":{"line":35,"column":31}},"loc":{"start":{"line":35,"column":34},"end":{"line":37,"column":1}},"line":35},"2":{"name":"commonAfterEach","decl":{"start":{"line":39,"column":15},"end":{"line":39,"column":30}},"loc":{"start":{"line":39,"column":33},"end":{"line":41,"column":1}},"line":39},"3":{"name":"commonAfterAll","decl":{"start":{"line":43,"column":15},"end":{"line":43,"column":29}},"loc":{"start":{"line":43,"column":32},"end":{"line":45,"column":1}},"line":43}},"branchMap":{},"s":{"0":3,"1":3,"2":3,"3":3,"4":3,"5":3,"6":3,"7":15,"8":15,"9":3,"10":3},"f":{"0":3,"1":15,"2":15,"3":3},"b":{},"_coverageSchema":"1a1c01bbd47fc00a2c39e90264f33305004495a9","hash":"51057afe17a9d4194174a4aae15b6302b4e33690"}
,"/home/pete/Code/weatherly-backend/models/movie.js": {"path":"/home/pete/Code/weatherly-backend/models/movie.js","statementMap":{"0":{"start":{"line":3,"column":11},"end":{"line":3,"column":27}},"1":{"start":{"line":21,"column":27},"end":{"line":26,"column":5}},"2":{"start":{"line":29,"column":4},"end":{"line":29,"column":39}},"3":{"start":{"line":29,"column":32},"end":{"line":29,"column":39}},"4":{"start":{"line":31,"column":19},"end":{"line":36,"column":29}},"5":{"start":{"line":38,"column":4},"end":{"line":38,"column":26}},"6":{"start":{"line":43,"column":0},"end":{"line":43,"column":23}}},"fnMap":{"0":{"name":"(anonymous_0)","decl":{"start":{"line":20,"column":2},"end":{"line":20,"column":3}},"loc":{"start":{"line":20,"column":48},"end":{"line":39,"column":3}},"line":20}},"branchMap":{"0":{"loc":{"start":{"line":29,"column":4},"end":{"line":29,"column":39}},"type":"if","locations":[{"start":{"line":29,"column":4},"end":{"line":29,"column":39}},{"start":{},"end":{}}],"line":29}},"s":{"0":5,"1":13,"2":13,"3":1,"4":12,"5":12,"6":5},"f":{"0":13},"b":{"0":[1,12]},"_coverageSchema":"1a1c01bbd47fc00a2c39e90264f33305004495a9","hash":"46274bfc651f3f4a1b86d5bb02b0ffc6b7e24cda"}
,"/home/pete/Code/weatherly-backend/models/user.js": {"path":"/home/pete/Code/weatherly-backend/models/user.js","statementMap":{"0":{"start":{"line":3,"column":11},"end":{"line":3,"column":27}},"1":{"start":{"line":4,"column":15},"end":{"line":4,"column":32}},"2":{"start":{"line":5,"column":62},"end":{"line":5,"column":88}},"3":{"start":{"line":6,"column":31},"end":{"line":6,"column":51}},"4":{"start":{"line":7,"column":28},"end":{"line":7,"column":53}},"5":{"start":{"line":30,"column":20},"end":{"line":48,"column":5}},"6":{"start":{"line":50,"column":17},"end":{"line":50,"column":32}},"7":{"start":{"line":52,"column":4},"end":{"line":52,"column":63}},"8":{"start":{"line":52,"column":15},"end":{"line":52,"column":63}},"9":{"start":{"line":54,"column":4},"end":{"line":54,"column":16}},"10":{"start":{"line":66,"column":19},"end":{"line":72,"column":5}},"11":{"start":{"line":74,"column":17},"end":{"line":74,"column":31}},"12":{"start":{"line":76,"column":4},"end":{"line":83,"column":5}},"13":{"start":{"line":78,"column":22},"end":{"line":78,"column":67}},"14":{"start":{"line":79,"column":6},"end":{"line":82,"column":7}},"15":{"start":{"line":80,"column":8},"end":{"line":80,"column":29}},"16":{"start":{"line":81,"column":8},"end":{"line":81,"column":20}},"17":{"start":{"line":85,"column":4},"end":{"line":85,"column":61}},"18":{"start":{"line":96,"column":27},"end":{"line":100,"column":5}},"19":{"start":{"line":102,"column":4},"end":{"line":102,"column":93}},"20":{"start":{"line":102,"column":32},"end":{"line":102,"column":93}},"21":{"start":{"line":104,"column":27},"end":{"line":104,"column":74}},"22":{"start":{"line":106,"column":19},"end":{"line":111,"column":5}},"23":{"start":{"line":113,"column":17},"end":{"line":113,"column":31}},"24":{"start":{"line":114,"column":4},"end":{"line":114,"column":16}},"25":{"start":{"line":118,"column":32},"end":{"line":125,"column":8}},"26":{"start":{"line":126,"column":27},"end":{"line":126,"column":52}},"27":{"start":{"line":128,"column":21},"end":{"line":145,"column":41}},"28":{"start":{"line":147,"column":19},"end":{"line":147,"column":66}},"29":{"start":{"line":148,"column":17},"end":{"line":148,"column":31}},"30":{"start":{"line":149,"column":4},"end":{"line":149,"column":63}},"31":{"start":{"line":149,"column":15},"end":{"line":149,"column":63}},"32":{"start":{"line":150,"column":4},"end":{"line":150,"column":16}},"33":{"start":{"line":156,"column":0},"end":{"line":156,"column":22}}},"fnMap":{"0":{"name":"(anonymous_0)","decl":{"start":{"line":29,"column":2},"end":{"line":29,"column":3}},"loc":{"start":{"line":29,"column":29},"end":{"line":55,"column":3}},"line":29},"1":{"name":"(anonymous_1)","decl":{"start":{"line":64,"column":2},"end":{"line":64,"column":3}},"loc":{"start":{"line":64,"column":48},"end":{"line":86,"column":3}},"line":64},"2":{"name":"(anonymous_2)","decl":{"start":{"line":95,"column":2},"end":{"line":95,"column":3}},"loc":{"start":{"line":95,"column":89},"end":{"line":115,"column":3}},"line":95},"3":{"name":"(anonymous_3)","decl":{"start":{"line":117,"column":2},"end":{"line":117,"column":3}},"loc":{"start":{"line":117,"column":38},"end":{"line":151,"column":3}},"line":117}},"branchMap":{"0":{"loc":{"start":{"line":52,"column":4},"end":{"line":52,"column":63}},"type":"if","locations":[{"start":{"line":52,"column":4},"end":{"line":52,"column":63}},{"start":{},"end":{}}],"line":52},"1":{"loc":{"start":{"line":76,"column":4},"end":{"line":83,"column":5}},"type":"if","locations":[{"start":{"line":76,"column":4},"end":{"line":83,"column":5}},{"start":{},"end":{}}],"line":76},"2":{"loc":{"start":{"line":79,"column":6},"end":{"line":82,"column":7}},"type":"if","locations":[{"start":{"line":79,"column":6},"end":{"line":82,"column":7}},{"start":{},"end":{}}],"line":79},"3":{"loc":{"start":{"line":102,"column":4},"end":{"line":102,"column":93}},"type":"if","locations":[{"start":{"line":102,"column":4},"end":{"line":102,"column":93}},{"start":{},"end":{}}],"line":102},"4":{"loc":{"start":{"line":149,"column":4},"end":{"line":149,"column":63}},"type":"if","locations":[{"start":{"line":149,"column":4},"end":{"line":149,"column":63}},{"start":{},"end":{}}],"line":149}},"s":{"0":5,"1":5,"2":5,"3":5,"4":5,"5":3,"6":3,"7":3,"8":1,"9":2,"10":6,"11":6,"12":6,"13":4,"14":4,"15":2,"16":2,"17":4,"18":10,"19":10,"20":1,"21":9,"22":9,"23":9,"24":9,"25":7,"26":5,"27":5,"28":5,"29":5,"30":5,"31":1,"32":4,"33":5},"f":{"0":3,"1":6,"2":10,"3":7},"b":{"0":[1,2],"1":[4,2],"2":[2,2],"3":[1,9],"4":[1,4]},"_coverageSchema":"1a1c01bbd47fc00a2c39e90264f33305004495a9","hash":"f870141d5acbace530cb4f61a1bc4d0c167d2ec7"}
,"/home/pete/Code/weatherly-backend/models/watchlist.js": {"path":"/home/pete/Code/weatherly-backend/models/watchlist.js","statementMap":{"0":{"start":{"line":3,"column":11},"end":{"line":3,"column":27}},"1":{"start":{"line":4,"column":28},"end":{"line":4,"column":54}},"2":{"start":{"line":18,"column":27},"end":{"line":22,"column":26}},"3":{"start":{"line":24,"column":4},"end":{"line":24,"column":88}},"4":{"start":{"line":24,"column":32},"end":{"line":24,"column":88}},"5":{"start":{"line":26,"column":19},"end":{"line":32,"column":5}},"6":{"start":{"line":33,"column":4},"end":{"line":33,"column":26}},"7":{"start":{"line":43,"column":19},"end":{"line":51,"column":17}},"8":{"start":{"line":52,"column":17},"end":{"line":52,"column":28}},"9":{"start":{"line":53,"column":4},"end":{"line":53,"column":16}},"10":{"start":{"line":63,"column":19},"end":{"line":67,"column":26}},"11":{"start":{"line":72,"column":0},"end":{"line":72,"column":27}}},"fnMap":{"0":{"name":"(anonymous_0)","decl":{"start":{"line":17,"column":2},"end":{"line":17,"column":3}},"loc":{"start":{"line":17,"column":43},"end":{"line":34,"column":3}},"line":17},"1":{"name":"(anonymous_1)","decl":{"start":{"line":42,"column":2},"end":{"line":42,"column":3}},"loc":{"start":{"line":42,"column":35},"end":{"line":54,"column":3}},"line":42},"2":{"name":"(anonymous_2)","decl":{"start":{"line":62,"column":2},"end":{"line":62,"column":3}},"loc":{"start":{"line":62,"column":46},"end":{"line":68,"column":3}},"line":62}},"branchMap":{"0":{"loc":{"start":{"line":24,"column":4},"end":{"line":24,"column":88}},"type":"if","locations":[{"start":{"line":24,"column":4},"end":{"line":24,"column":88}},{"start":{},"end":{}}],"line":24}},"s":{"0":5,"1":5,"2":8,"3":8,"4":1,"5":7,"6":7,"7":3,"8":3,"9":3,"10":3,"11":5},"f":{"0":8,"1":3,"2":3},"b":{"0":[1,7]},"_coverageSchema":"1a1c01bbd47fc00a2c39e90264f33305004495a9","hash":"2b2947868aaa52f060f00413b226122353f25c69"}
,"/home/pete/Code/weatherly-backend/routes/_testCommon.js": {"path":"/home/pete/Code/weatherly-backend/routes/_testCommon.js","statementMap":{"0":{"start":{"line":3,"column":11},"end":{"line":3,"column":30}},"1":{"start":{"line":4,"column":13},"end":{"line":4,"column":38}},"2":{"start":{"line":5,"column":14},"end":{"line":5,"column":40}},"3":{"start":{"line":6,"column":18},"end":{"line":6,"column":48}},"4":{"start":{"line":7,"column":24},"end":{"line":7,"column":52}},"5":{"start":{"line":11,"column":2},"end":{"line":11,"column":38}},"6":{"start":{"line":12,"column":2},"end":{"line":12,"column":39}},"7":{"start":{"line":14,"column":2},"end":{"line":19,"column":7}},"8":{"start":{"line":20,"column":2},"end":{"line":25,"column":7}},"9":{"start":{"line":26,"column":2},"end":{"line":31,"column":7}},"10":{"start":{"line":34,"column":2},"end":{"line":42,"column":5}},"11":{"start":{"line":44,"column":2},"end":{"line":52,"column":5}},"12":{"start":{"line":56,"column":2},"end":{"line":56,"column":26}},"13":{"start":{"line":60,"column":2},"end":{"line":60,"column":29}},"14":{"start":{"line":64,"column":2},"end":{"line":64,"column":17}},"15":{"start":{"line":67,"column":16},"end":{"line":67,"column":47}},"16":{"start":{"line":68,"column":16},"end":{"line":68,"column":47}},"17":{"start":{"line":72,"column":0},"end":{"line":79,"column":2}}},"fnMap":{"0":{"name":"commonBeforeAll","decl":{"start":{"line":10,"column":15},"end":{"line":10,"column":30}},"loc":{"start":{"line":10,"column":33},"end":{"line":53,"column":1}},"line":10},"1":{"name":"commonBeforeEach","decl":{"start":{"line":55,"column":15},"end":{"line":55,"column":31}},"loc":{"start":{"line":55,"column":34},"end":{"line":57,"column":1}},"line":55},"2":{"name":"commonAfterEach","decl":{"start":{"line":59,"column":15},"end":{"line":59,"column":30}},"loc":{"start":{"line":59,"column":33},"end":{"line":61,"column":1}},"line":59},"3":{"name":"commonAfterAll","decl":{"start":{"line":63,"column":15},"end":{"line":63,"column":29}},"loc":{"start":{"line":63,"column":32},"end":{"line":65,"column":1}},"line":63}},"branchMap":{},"s":{"0":3,"1":3,"2":3,"3":3,"4":3,"5":3,"6":3,"7":3,"8":3,"9":3,"10":3,"11":3,"12":21,"13":21,"14":3,"15":3,"16":3,"17":3},"f":{"0":3,"1":21,"2":21,"3":3},"b":{},"_coverageSchema":"1a1c01bbd47fc00a2c39e90264f33305004495a9","hash":"99c2ce72416f4f075f9c5a7db8b19b6613ee6c57"}
,"/home/pete/Code/weatherly-backend/routes/auth.js": {"path":"/home/pete/Code/weatherly-backend/routes/auth.js","statementMap":{"0":{"start":{"line":5,"column":0},"end":{"line":5,"column":26}},"1":{"start":{"line":6,"column":13},"end":{"line":6,"column":38}},"2":{"start":{"line":7,"column":16},"end":{"line":7,"column":34}},"3":{"start":{"line":8,"column":15},"end":{"line":8,"column":35}},"4":{"start":{"line":9,"column":24},"end":{"line":9,"column":52}},"5":{"start":{"line":10,"column":14},"end":{"line":10,"column":30}},"6":{"start":{"line":11,"column":19},"end":{"line":11,"column":40}},"7":{"start":{"line":12,"column":23},"end":{"line":12,"column":58}},"8":{"start":{"line":13,"column":27},"end":{"line":13,"column":66}},"9":{"start":{"line":14,"column":28},"end":{"line":14,"column":54}},"10":{"start":{"line":15,"column":25},"end":{"line":15,"column":68}},"11":{"start":{"line":16,"column":25},"end":{"line":16,"column":53}},"12":{"start":{"line":25,"column":0},"end":{"line":39,"column":3}},"13":{"start":{"line":26,"column":2},"end":{"line":38,"column":3}},"14":{"start":{"line":27,"column":22},"end":{"line":27,"column":67}},"15":{"start":{"line":28,"column":4},"end":{"line":31,"column":5}},"16":{"start":{"line":29,"column":19},"end":{"line":29,"column":53}},"17":{"start":{"line":29,"column":45},"end":{"line":29,"column":52}},"18":{"start":{"line":30,"column":6},"end":{"line":30,"column":38}},"19":{"start":{"line":32,"column":35},"end":{"line":32,"column":43}},"20":{"start":{"line":33,"column":17},"end":{"line":33,"column":60}},"21":{"start":{"line":34,"column":18},"end":{"line":34,"column":35}},"22":{"start":{"line":35,"column":4},"end":{"line":35,"column":31}},"23":{"start":{"line":37,"column":4},"end":{"line":37,"column":14}},"24":{"start":{"line":51,"column":0},"end":{"line":73,"column":3}},"25":{"start":{"line":52,"column":2},"end":{"line":72,"column":3}},"26":{"start":{"line":53,"column":22},"end":{"line":53,"column":71}},"27":{"start":{"line":54,"column":4},"end":{"line":57,"column":5}},"28":{"start":{"line":55,"column":19},"end":{"line":55,"column":53}},"29":{"start":{"line":55,"column":45},"end":{"line":55,"column":52}},"30":{"start":{"line":56,"column":6},"end":{"line":56,"column":38}},"31":{"start":{"line":58,"column":40},"end":{"line":58,"column":48}},"32":{"start":{"line":59,"column":21},"end":{"line":64,"column":6}},"33":{"start":{"line":65,"column":31},"end":{"line":65,"column":44}},"34":{"start":{"line":66,"column":21},"end":{"line":66,"column":58}},"35":{"start":{"line":67,"column":20},"end":{"line":67,"column":49}},"36":{"start":{"line":68,"column":18},"end":{"line":68,"column":38}},"37":{"start":{"line":69,"column":4},"end":{"line":69,"column":43}},"38":{"start":{"line":71,"column":4},"end":{"line":71,"column":14}},"39":{"start":{"line":75,"column":0},"end":{"line":75,"column":24}}},"fnMap":{"0":{"name":"(anonymous_0)","decl":{"start":{"line":25,"column":22},"end":{"line":25,"column":23}},"loc":{"start":{"line":25,"column":48},"end":{"line":39,"column":1}},"line":25},"1":{"name":"(anonymous_1)","decl":{"start":{"line":29,"column":40},"end":{"line":29,"column":41}},"loc":{"start":{"line":29,"column":45},"end":{"line":29,"column":52}},"line":29},"2":{"name":"(anonymous_2)","decl":{"start":{"line":51,"column":25},"end":{"line":51,"column":26}},"loc":{"start":{"line":51,"column":57},"end":{"line":73,"column":1}},"line":51},"3":{"name":"(anonymous_3)","decl":{"start":{"line":55,"column":40},"end":{"line":55,"column":41}},"loc":{"start":{"line":55,"column":45},"end":{"line":55,"column":52}},"line":55}},"branchMap":{"0":{"loc":{"start":{"line":28,"column":4},"end":{"line":31,"column":5}},"type":"if","locations":[{"start":{"line":28,"column":4},"end":{"line":31,"column":5}},{"start":{},"end":{}}],"line":28},"1":{"loc":{"start":{"line":54,"column":4},"end":{"line":57,"column":5}},"type":"if","locations":[{"start":{"line":54,"column":4},"end":{"line":57,"column":5}},{"start":{},"end":{}}],"line":54}},"s":{"0":4,"1":4,"2":4,"3":4,"4":4,"5":4,"6":4,"7":4,"8":4,"9":4,"10":4,"11":4,"12":4,"13":5,"14":5,"15":5,"16":2,"17":2,"18":2,"19":3,"20":3,"21":1,"22":1,"23":4,"24":4,"25":3,"26":3,"27":3,"28":2,"29":4,"30":2,"31":1,"32":1,"33":1,"34":1,"35":1,"36":1,"37":1,"38":2,"39":4},"f":{"0":5,"1":2,"2":3,"3":4},"b":{"0":[2,3],"1":[2,1]},"_coverageSchema":"1a1c01bbd47fc00a2c39e90264f33305004495a9","hash":"fb515374207e67a1f09ddde1ea54f4db3c63438b"}
,"/home/pete/Code/weatherly-backend/routes/movies.js": {"path":"/home/pete/Code/weatherly-backend/routes/movies.js","statementMap":{"0":{"start":{"line":5,"column":0},"end":{"line":5,"column":26}},"1":{"start":{"line":6,"column":16},"end":{"line":6,"column":34}},"2":{"start":{"line":7,"column":15},"end":{"line":7,"column":35}},"3":{"start":{"line":8,"column":14},"end":{"line":8,"column":30}},"4":{"start":{"line":9,"column":14},"end":{"line":9,"column":40}},"5":{"start":{"line":11,"column":17},"end":{"line":11,"column":43}},"6":{"start":{"line":12,"column":17},"end":{"line":12,"column":37}},"7":{"start":{"line":22,"column":0},"end":{"line":29,"column":3}},"8":{"start":{"line":23,"column":2},"end":{"line":28,"column":3}},"9":{"start":{"line":24,"column":19},"end":{"line":24,"column":103}},"10":{"start":{"line":25,"column":4},"end":{"line":25,"column":45}},"11":{"start":{"line":27,"column":4},"end":{"line":27,"column":14}},"12":{"start":{"line":38,"column":0},"end":{"line":45,"column":3}},"13":{"start":{"line":39,"column":2},"end":{"line":44,"column":3}},"14":{"start":{"line":40,"column":18},"end":{"line":40,"column":104}},"15":{"start":{"line":41,"column":4},"end":{"line":41,"column":44}},"16":{"start":{"line":43,"column":4},"end":{"line":43,"column":14}},"17":{"start":{"line":55,"column":0},"end":{"line":67,"column":3}},"18":{"start":{"line":56,"column":2},"end":{"line":66,"column":3}},"19":{"start":{"line":57,"column":16},"end":{"line":57,"column":51}},"20":{"start":{"line":58,"column":4},"end":{"line":63,"column":5}},"21":{"start":{"line":59,"column":6},"end":{"line":59,"column":45}},"22":{"start":{"line":61,"column":18},"end":{"line":61,"column":41}},"23":{"start":{"line":62,"column":6},"end":{"line":62,"column":43}},"24":{"start":{"line":65,"column":4},"end":{"line":65,"column":14}},"25":{"start":{"line":69,"column":0},"end":{"line":69,"column":24}}},"fnMap":{"0":{"name":"(anonymous_0)","decl":{"start":{"line":22,"column":21},"end":{"line":22,"column":22}},"loc":{"start":{"line":22,"column":47},"end":{"line":29,"column":1}},"line":22},"1":{"name":"(anonymous_1)","decl":{"start":{"line":38,"column":18},"end":{"line":38,"column":19}},"loc":{"start":{"line":38,"column":44},"end":{"line":45,"column":1}},"line":38},"2":{"name":"(anonymous_2)","decl":{"start":{"line":55,"column":21},"end":{"line":55,"column":22}},"loc":{"start":{"line":55,"column":47},"end":{"line":67,"column":1}},"line":55}},"branchMap":{"0":{"loc":{"start":{"line":58,"column":4},"end":{"line":63,"column":5}},"type":"if","locations":[{"start":{"line":58,"column":4},"end":{"line":63,"column":5}},{"start":{"line":60,"column":11},"end":{"line":63,"column":5}}],"line":58}},"s":{"0":4,"1":4,"2":4,"3":4,"4":4,"5":4,"6":4,"7":4,"8":0,"9":0,"10":0,"11":0,"12":4,"13":0,"14":0,"15":0,"16":0,"17":4,"18":3,"19":3,"20":3,"21":2,"22":1,"23":1,"24":0,"25":4},"f":{"0":0,"1":0,"2":3},"b":{"0":[2,1]},"_coverageSchema":"1a1c01bbd47fc00a2c39e90264f33305004495a9","hash":"8f77cbcd5519c1582313a7f3962d5241cc74f560"}
,"/home/pete/Code/weatherly-backend/routes/users.js": {"path":"/home/pete/Code/weatherly-backend/routes/users.js","statementMap":{"0":{"start":{"line":5,"column":16},"end":{"line":5,"column":34}},"1":{"start":{"line":6,"column":13},"end":{"line":6,"column":38}},"2":{"start":{"line":7,"column":15},"end":{"line":7,"column":35}},"3":{"start":{"line":8,"column":14},"end":{"line":8,"column":30}},"4":{"start":{"line":9,"column":18},"end":{"line":9,"column":48}},"5":{"start":{"line":10,"column":30},"end":{"line":10,"column":59}},"6":{"start":{"line":12,"column":25},"end":{"line":12,"column":68}},"7":{"start":{"line":13,"column":25},"end":{"line":13,"column":53}},"8":{"start":{"line":33,"column":0},"end":{"line":40,"column":3}},"9":{"start":{"line":34,"column":2},"end":{"line":39,"column":3}},"10":{"start":{"line":35,"column":17},"end":{"line":35,"column":52}},"11":{"start":{"line":36,"column":4},"end":{"line":36,"column":42}},"12":{"start":{"line":38,"column":4},"end":{"line":38,"column":21}},"13":{"start":{"line":50,"column":0},"end":{"line":53,"column":3}},"14":{"start":{"line":51,"column":17},"end":{"line":51,"column":63}},"15":{"start":{"line":52,"column":2},"end":{"line":52,"column":26}},"16":{"start":{"line":64,"column":0},"end":{"line":71,"column":3}},"17":{"start":{"line":65,"column":2},"end":{"line":70,"column":3}},"18":{"start":{"line":66,"column":18},"end":{"line":66,"column":81}},"19":{"start":{"line":67,"column":4},"end":{"line":67,"column":43}},"20":{"start":{"line":69,"column":4},"end":{"line":69,"column":14}},"21":{"start":{"line":81,"column":0},"end":{"line":102,"column":3}},"22":{"start":{"line":82,"column":2},"end":{"line":101,"column":3}},"23":{"start":{"line":84,"column":4},"end":{"line":96,"column":5}},"24":{"start":{"line":85,"column":42},"end":{"line":85,"column":50}},"25":{"start":{"line":86,"column":23},"end":{"line":91,"column":8}},"26":{"start":{"line":92,"column":33},"end":{"line":92,"column":46}},"27":{"start":{"line":93,"column":6},"end":{"line":93,"column":55}},"28":{"start":{"line":95,"column":6},"end":{"line":95,"column":33}},"29":{"start":{"line":97,"column":17},"end":{"line":97,"column":65}},"30":{"start":{"line":98,"column":4},"end":{"line":98,"column":42}},"31":{"start":{"line":100,"column":4},"end":{"line":100,"column":14}},"32":{"start":{"line":112,"column":0},"end":{"line":119,"column":3}},"33":{"start":{"line":113,"column":2},"end":{"line":118,"column":3}},"34":{"start":{"line":114,"column":4},"end":{"line":114,"column":71}},"35":{"start":{"line":115,"column":4},"end":{"line":115,"column":51}},"36":{"start":{"line":117,"column":4},"end":{"line":117,"column":14}},"37":{"start":{"line":124,"column":0},"end":{"line":124,"column":24}}},"fnMap":{"0":{"name":"(anonymous_0)","decl":{"start":{"line":33,"column":44},"end":{"line":33,"column":45}},"loc":{"start":{"line":33,"column":76},"end":{"line":40,"column":1}},"line":33},"1":{"name":"(anonymous_1)","decl":{"start":{"line":50,"column":32},"end":{"line":50,"column":33}},"loc":{"start":{"line":50,"column":58},"end":{"line":53,"column":1}},"line":50},"2":{"name":"(anonymous_2)","decl":{"start":{"line":64,"column":52},"end":{"line":64,"column":53}},"loc":{"start":{"line":64,"column":78},"end":{"line":71,"column":1}},"line":64},"3":{"name":"(anonymous_3)","decl":{"start":{"line":81,"column":46},"end":{"line":81,"column":47}},"loc":{"start":{"line":81,"column":72},"end":{"line":102,"column":1}},"line":81},"4":{"name":"(anonymous_4)","decl":{"start":{"line":112,"column":54},"end":{"line":112,"column":55}},"loc":{"start":{"line":112,"column":80},"end":{"line":119,"column":1}},"line":112}},"branchMap":{"0":{"loc":{"start":{"line":84,"column":4},"end":{"line":96,"column":5}},"type":"if","locations":[{"start":{"line":84,"column":4},"end":{"line":96,"column":5}},{"start":{"line":94,"column":11},"end":{"line":96,"column":5}}],"line":84}},"s":{"0":4,"1":4,"2":4,"3":4,"4":4,"5":4,"6":4,"7":4,"8":4,"9":1,"10":1,"11":1,"12":0,"13":4,"14":0,"15":0,"16":4,"17":3,"18":3,"19":3,"20":0,"21":4,"22":3,"23":3,"24":1,"25":1,"26":1,"27":1,"28":2,"29":3,"30":2,"31":1,"32":4,"33":1,"34":1,"35":1,"36":0,"37":4},"f":{"0":1,"1":0,"2":3,"3":3,"4":1},"b":{"0":[1,2]},"_coverageSchema":"1a1c01bbd47fc00a2c39e90264f33305004495a9","hash":"1f97a1f4817bfb1988c182c2ef39bd4a11c992db"}
}
