TN:
SF:app.js
FN:28,(anonymous_0)
FN:34,(anonymous_1)
FNF:2
FNH:2
FNDA:2,(anonymous_0)
FNDA:14,(anonymous_1)
DA:5,4
DA:6,4
DA:7,4
DA:9,4
DA:10,4
DA:11,4
DA:12,4
DA:14,4
DA:16,4
DA:18,4
DA:19,4
DA:21,4
DA:22,4
DA:23,4
DA:28,4
DA:29,2
DA:34,4
DA:36,14
DA:37,14
DA:40,14
DA:45,4
LF:21
LH:21
BRDA:36,0,0,14
BRDA:36,0,1,0
BRF:2
BRH:1
end_of_record
TN:
SF:config.js
FN:4,getDatabaseUri
FNF:1
FNH:1
FNDA:7,getDatabaseUri
DA:1,9
DA:5,7
DA:11,9
DA:13,9
LF:4
LH:4
BRDA:1,0,0,9
BRDA:1,0,1,9
BRDA:5,1,0,7
BRDA:5,1,1,0
BRDA:7,2,0,0
BRDA:7,2,1,0
BRDA:11,3,0,9
BRDA:11,3,1,0
BRF:8
BRH:4
end_of_record
TN:
SF:db.js
FNF:0
FNH:0
DA:3,7
DA:4,7
DA:27,7
DA:28,0
DA:38,7
DA:47,7
DA:49,7
LF:7
LH:6
BRDA:27,0,0,0
BRDA:27,0,1,7
BRF:2
BRH:1
end_of_record
TN:
SF:expressError.js
FN:9,(anonymous_0)
FN:19,(anonymous_1)
FN:27,(anonymous_2)
FN:35,(anonymous_3)
FN:43,(anonymous_4)
FNF:5
FNH:4
FNDA:24,(anonymous_0)
FNDA:4,(anonymous_1)
FNDA:12,(anonymous_2)
FNDA:8,(anonymous_3)
FNDA:0,(anonymous_4)
DA:10,24
DA:11,24
DA:12,24
DA:20,4
DA:28,12
DA:36,8
DA:44,0
DA:48,9
LF:8
LH:7
BRDA:19,0,0,2
BRDA:27,1,0,8
BRDA:35,2,0,0
BRDA:43,3,0,0
BRF:4
BRH:2
end_of_record
TN:
SF:helpers/sql.js
FN:17,sqlForPartialUpdate
FN:24,(anonymous_1)
FNF:2
FNH:2
FNDA:8,sqlForPartialUpdate
FNDA:27,(anonymous_1)
DA:1,6
DA:18,8
DA:21,8
DA:24,6
DA:25,27
DA:28,6
DA:34,6
LF:7
LH:7
BRDA:21,0,0,2
BRDA:21,0,1,6
BRDA:25,1,0,27
BRDA:25,1,1,15
BRF:4
BRH:4
end_of_record
TN:
SF:helpers/tokens.js
FN:6,createToken
FNF:1
FNH:1
FNDA:9,createToken
DA:1,5
DA:2,5
DA:8,9
DA:12,9
DA:15,5
LF:5
LH:5
BRF:0
BRH:0
end_of_record
TN:
SF:middleware/auth.js
FN:16,authenticateJWT
FN:34,ensureLoggedIn
FN:50,ensureCorrectUser
FNF:3
FNH:3
FNDA:29,authenticateJWT
FNDA:2,ensureLoggedIn
FNDA:16,ensureCorrectUser
DA:5,5
DA:6,5
DA:7,5
DA:17,29
DA:18,29
DA:19,29
DA:20,15
DA:21,15
DA:23,28
DA:25,1
DA:35,2
DA:36,2
DA:37,1
DA:39,1
DA:51,16
DA:52,16
DA:53,16
DA:54,7
DA:56,9
DA:58,7
DA:62,5
LF:21
LH:21
BRDA:18,0,0,29
BRDA:18,0,1,28
BRDA:19,1,0,15
BRDA:19,1,1,14
BRDA:36,2,0,1
BRDA:36,2,1,1
BRDA:53,3,0,7
BRDA:53,3,1,9
BRDA:53,4,0,16
BRDA:53,4,1,15
BRF:10
BRH:10
end_of_record
TN:
SF:models/_testCommon.js
FN:6,commonBeforeAll
FN:35,commonBeforeEach
FN:39,commonAfterEach
FN:43,commonAfterAll
FNF:4
FNH:4
FNDA:3,commonBeforeAll
FNDA:15,commonBeforeEach
FNDA:15,commonAfterEach
FNDA:3,commonAfterAll
DA:1,3
DA:3,3
DA:4,3
DA:7,3
DA:8,3
DA:10,3
DA:16,3
DA:36,15
DA:40,15
DA:44,3
DA:47,3
LF:11
LH:11
BRF:0
BRH:0
end_of_record
TN:
SF:models/movie.js
FN:20,(anonymous_0)
FNF:1
FNH:1
FNDA:13,(anonymous_0)
DA:3,5
DA:21,13
DA:29,13
DA:31,12
DA:38,12
DA:43,5
LF:6
LH:6
BRDA:29,0,0,1
BRDA:29,0,1,12
BRF:2
BRH:2
end_of_record
TN:
SF:models/user.js
FN:29,(anonymous_0)
FN:64,(anonymous_1)
FN:95,(anonymous_2)
FN:117,(anonymous_3)
FNF:4
FNH:4
FNDA:3,(anonymous_0)
FNDA:6,(anonymous_1)
FNDA:10,(anonymous_2)
FNDA:7,(anonymous_3)
DA:3,5
DA:4,5
DA:5,5
DA:6,5
DA:7,5
DA:30,3
DA:50,3
DA:52,3
DA:54,2
DA:66,6
DA:74,6
DA:76,6
DA:78,4
DA:79,4
DA:80,2
DA:81,2
DA:85,4
DA:96,10
DA:102,10
DA:104,9
DA:106,9
DA:113,9
DA:114,9
DA:118,7
DA:126,5
DA:128,5
DA:147,5
DA:148,5
DA:149,5
DA:150,4
DA:156,5
LF:31
LH:31
BRDA:52,0,0,1
BRDA:52,0,1,2
BRDA:76,1,0,4
BRDA:76,1,1,2
BRDA:79,2,0,2
BRDA:79,2,1,2
BRDA:102,3,0,1
BRDA:102,3,1,9
BRDA:149,4,0,1
BRDA:149,4,1,4
BRF:10
BRH:10
end_of_record
TN:
SF:models/watchlist.js
FN:17,(anonymous_0)
FN:42,(anonymous_1)
FN:62,(anonymous_2)
FNF:3
FNH:3
FNDA:8,(anonymous_0)
FNDA:3,(anonymous_1)
FNDA:3,(anonymous_2)
DA:3,5
DA:4,5
DA:18,8
DA:24,8
DA:26,7
DA:33,7
DA:43,3
DA:52,3
DA:53,3
DA:63,3
DA:72,5
LF:11
LH:11
BRDA:24,0,0,1
BRDA:24,0,1,7
BRF:2
BRH:2
end_of_record
TN:
SF:routes/_testCommon.js
FN:10,commonBeforeAll
FN:55,commonBeforeEach
FN:59,commonAfterEach
FN:63,commonAfterAll
FNF:4
FNH:4
FNDA:3,commonBeforeAll
FNDA:21,commonBeforeEach
FNDA:21,commonAfterEach
FNDA:3,commonAfterAll
DA:3,3
DA:4,3
DA:5,3
DA:6,3
DA:7,3
DA:11,3
DA:12,3
DA:14,3
DA:20,3
DA:26,3
DA:34,3
DA:44,3
DA:56,21
DA:60,21
DA:64,3
DA:67,3
DA:68,3
DA:72,3
LF:18
LH:18
BRF:0
BRH:0
end_of_record
TN:
SF:routes/auth.js
FN:25,(anonymous_0)
FN:29,(anonymous_1)
FN:51,(anonymous_2)
FN:55,(anonymous_3)
FNF:4
FNH:4
FNDA:5,(anonymous_0)
FNDA:2,(anonymous_1)
FNDA:3,(anonymous_2)
FNDA:4,(anonymous_3)
DA:5,4
DA:6,4
DA:7,4
DA:8,4
DA:9,4
DA:10,4
DA:11,4
DA:12,4
DA:13,4
DA:14,4
DA:15,4
DA:16,4
DA:25,4
DA:26,5
DA:27,5
DA:28,5
DA:29,2
DA:30,2
DA:32,3
DA:33,3
DA:34,1
DA:35,1
DA:37,4
DA:51,4
DA:52,3
DA:53,3
DA:54,3
DA:55,4
DA:56,2
DA:58,1
DA:59,1
DA:65,1
DA:66,1
DA:67,1
DA:68,1
DA:69,1
DA:71,2
DA:75,4
LF:38
LH:38
BRDA:28,0,0,2
BRDA:28,0,1,3
BRDA:54,1,0,2
BRDA:54,1,1,1
BRF:4
BRH:4
end_of_record
TN:
SF:routes/movies.js
FN:22,(anonymous_0)
FN:38,(anonymous_1)
FN:55,(anonymous_2)
FNF:3
FNH:1
FNDA:0,(anonymous_0)
FNDA:0,(anonymous_1)
FNDA:3,(anonymous_2)
DA:5,4
DA:6,4
DA:7,4
DA:8,4
DA:9,4
DA:11,4
DA:12,4
DA:22,4
DA:23,0
DA:24,0
DA:25,0
DA:27,0
DA:38,4
DA:39,0
DA:40,0
DA:41,0
DA:43,0
DA:55,4
DA:56,3
DA:57,3
DA:58,3
DA:59,2
DA:61,1
DA:62,1
DA:65,0
DA:69,4
LF:26
LH:17
BRDA:58,0,0,2
BRDA:58,0,1,1
BRF:2
BRH:2
end_of_record
TN:
SF:routes/users.js
FN:33,(anonymous_0)
FN:50,(anonymous_1)
FN:64,(anonymous_2)
FN:81,(anonymous_3)
FN:112,(anonymous_4)
FNF:5
FNH:4
FNDA:1,(anonymous_0)
FNDA:0,(anonymous_1)
FNDA:3,(anonymous_2)
FNDA:3,(anonymous_3)
FNDA:1,(anonymous_4)
DA:5,4
DA:6,4
DA:7,4
DA:8,4
DA:9,4
DA:10,4
DA:12,4
DA:13,4
DA:33,4
DA:34,1
DA:35,1
DA:36,1
DA:38,0
DA:50,4
DA:51,0
DA:52,0
DA:64,4
DA:65,3
DA:66,3
DA:67,3
DA:69,0
DA:81,4
DA:82,3
DA:84,3
DA:85,1
DA:86,1
DA:92,1
DA:93,1
DA:95,2
DA:97,3
DA:98,2
DA:100,1
DA:112,4
DA:113,1
DA:114,1
DA:115,1
DA:117,0
DA:124,4
LF:38
LH:33
BRDA:84,0,0,1
BRDA:84,0,1,2
BRF:2
BRH:2
end_of_record
